This file contains any messages produced by compilers while
running configure, to aid debugging if configure makes a mistake.

It was created by configure, which was
generated by GNU Autoconf 2.57.  Invocation command line was

  $ ./configure --prefix /usr/ --exec-prefix /usr/ CFLAGS=-I../../../

## --------- ##
## Platform. ##
## --------- ##

hostname = be4you.online
uname -m = x86_64
uname -r = 4.14.11-300.fc27.x86_64
uname -s = Linux
uname -v = #1 SMP Wed Jan 3 13:52:28 UTC 2018

/usr/bin/uname -p = x86_64
/bin/uname -X     = unknown

/bin/arch              = x86_64
/usr/bin/arch -k       = unknown
/usr/convex/getsysinfo = unknown
hostinfo               = unknown
/bin/machine           = unknown
/usr/bin/oslevel       = unknown
/bin/universe          = unknown

PATH: /home/morik/IPNoise/packages/bin
PATH: /usr/local/bin
PATH: /usr/bin
PATH: /usr/local/sbin
PATH: /usr/sbin
PATH: /home/morik/.local/bin
PATH: /home/morik/bin
PATH: /home/morik/.local/bin
PATH: /home/morik/bin


## ----------- ##
## Core tests. ##
## ----------- ##

configure:1274: result: beginning autoconfiguration process for libnet-1.1.2.1-6...
configure:1307: checking build system type
configure:1325: result: x86_64-unknown-linux-gnu
configure:1333: checking host system type
configure:1347: result: x86_64-unknown-linux-gnu
configure:1355: checking target system type
configure:1369: result: x86_64-unknown-linux-gnu
configure:1397: checking for a BSD-compatible install
configure:1451: result: /usr/bin/install -c
configure:1462: checking whether build environment is sane
configure:1505: result: yes
configure:1538: checking for gawk
configure:1554: found /usr/bin/gawk
configure:1564: result: gawk
configure:1574: checking whether make sets $(MAKE)
configure:1594: result: yes
configure:1745: checking whether to enable maintainer-specific portions of Makefiles
configure:1754: result: no
configure:1816: checking for gcc
configure:1832: found /usr/bin/gcc
configure:1842: result: gcc
configure:2086: checking for C compiler version
configure:2089: gcc --version </dev/null >&5
gcc (GCC) 7.2.1 20170915 (Red Hat 7.2.1-2)
Copyright (C) 2017 Free Software Foundation, Inc.
This is free software; see the source for copying conditions.  There is NO
warranty; not even for MERCHANTABILITY or FITNESS FOR A PARTICULAR PURPOSE.

configure:2092: $? = 0
configure:2094: gcc -v </dev/null >&5
Using built-in specs.
COLLECT_GCC=gcc
COLLECT_LTO_WRAPPER=/usr/libexec/gcc/x86_64-redhat-linux/7/lto-wrapper
OFFLOAD_TARGET_NAMES=nvptx-none
OFFLOAD_TARGET_DEFAULT=1
Target: x86_64-redhat-linux
Configured with: ../configure --enable-bootstrap --enable-languages=c,c++,objc,obj-c++,fortran,ada,go,lto --prefix=/usr --mandir=/usr/share/man --infodir=/usr/share/info --with-bugurl=http://bugzilla.redhat.com/bugzilla --enable-shared --enable-threads=posix --enable-checking=release --enable-multilib --with-system-zlib --enable-__cxa_atexit --disable-libunwind-exceptions --enable-gnu-unique-object --enable-linker-build-id --with-gcc-major-version-only --with-linker-hash-style=gnu --enable-plugin --enable-initfini-array --with-isl --enable-libmpx --enable-offload-targets=nvptx-none --without-cuda-driver --enable-gnu-indirect-function --with-tune=generic --with-arch_32=i686 --build=x86_64-redhat-linux
Thread model: posix
gcc version 7.2.1 20170915 (Red Hat 7.2.1-2) (GCC) 
configure:2097: $? = 0
configure:2099: gcc -V </dev/null >&5
gcc: error: unrecognized command line option '-V'
gcc: fatal error: no input files
compilation terminated.
configure:2102: $? = 1
configure:2126: checking for C compiler default output
configure:2129: gcc -I../../../   conftest.c  >&5
configure:2132: $? = 0
configure:2178: result: a.out
configure:2183: checking whether the C compiler works
configure:2189: ./a.out
configure:2192: $? = 0
configure:2209: result: yes
configure:2216: checking whether we are cross compiling
configure:2218: result: no
configure:2221: checking for suffix of executables
configure:2223: gcc -o conftest -I../../../   conftest.c  >&5
configure:2226: $? = 0
configure:2251: result: 
configure:2257: checking for suffix of object files
configure:2279: gcc -c -I../../../  conftest.c >&5
configure:2282: $? = 0
configure:2304: result: o
configure:2308: checking whether we are using the GNU C compiler
configure:2333: gcc -c -I../../../  conftest.c >&5
configure:2336: $? = 0
configure:2339: test -s conftest.o
configure:2342: $? = 0
configure:2355: result: yes
configure:2361: checking whether gcc accepts -g
configure:2383: gcc -c -g  conftest.c >&5
configure:2386: $? = 0
configure:2389: test -s conftest.o
configure:2392: $? = 0
configure:2403: result: yes
configure:2420: checking for gcc option to accept ANSI C
configure:2481: gcc  -c -I../../../  conftest.c >&5
configure:2484: $? = 0
configure:2487: test -s conftest.o
configure:2490: $? = 0
configure:2508: result: none needed
configure:2526: gcc -c -I../../../  conftest.c >&5
conftest.c:2:3: error: unknown type name 'choke'
   choke me
   ^~~~~
conftest.c:2:3: error: expected '=', ',', ';', 'asm' or '__attribute__' at end of input
configure:2529: $? = 1
configure: failed program was:
| #ifndef __cplusplus
|   choke me
| #endif
configure:2657: checking for style of include used by make
configure:2685: result: GNU
configure:2713: checking dependency style of gcc
configure:2775: result: none
configure:2792: checking for a BSD-compatible install
configure:2846: result: /usr/bin/install -c
configure:2898: checking for ranlib
configure:2914: found /usr/bin/ranlib
configure:2925: result: ranlib
configure:2944: checking how to run the C preprocessor
configure:2980: gcc -E  conftest.c
configure:2986: $? = 0
configure:3018: gcc -E  conftest.c
configure:3019:10: fatal error: ac_nonexistent.h: No such file or directory
   (eval $ac_cpp conftest.$ac_ext) 2>conftest.er1
          ^~~~~~~~~~~~~~~~~~
compilation terminated.
configure:3024: $? = 1
configure: failed program was:
| #line 3009 "configure"
| /* confdefs.h.  */
| 
| #define PACKAGE_NAME ""
| #define PACKAGE_TARNAME ""
| #define PACKAGE_VERSION ""
| #define PACKAGE_STRING ""
| #define PACKAGE_BUGREPORT ""
| #define PACKAGE "libnet"
| #define VERSION "1.1.2.1-6"
| /* end confdefs.h.  */
| #include <ac_nonexistent.h>
configure:3062: result: gcc -E
configure:3087: gcc -E  conftest.c
configure:3093: $? = 0
configure:3125: gcc -E  conftest.c
configure:3126:10: fatal error: ac_nonexistent.h: No such file or directory
   (eval $ac_cpp conftest.$ac_ext) 2>conftest.er1
          ^~~~~~~~~~~~~~~~~~
compilation terminated.
configure:3131: $? = 1
configure: failed program was:
| #line 3116 "configure"
| /* confdefs.h.  */
| 
| #define PACKAGE_NAME ""
| #define PACKAGE_TARNAME ""
| #define PACKAGE_VERSION ""
| #define PACKAGE_STRING ""
| #define PACKAGE_BUGREPORT ""
| #define PACKAGE "libnet"
| #define VERSION "1.1.2.1-6"
| /* end confdefs.h.  */
| #include <ac_nonexistent.h>
configure:3174: checking for egrep
configure:3184: result: grep -E
configure:3189: checking for ANSI C header files
configure:3215: gcc -c -I../../../  conftest.c >&5
configure:3218: $? = 0
configure:3221: test -s conftest.o
configure:3224: $? = 0
configure:3316: gcc -o conftest -I../../../   conftest.c  >&5
configure: In function 'main':
configure:3311:7: warning: implicit declaration of function 'exit' [-Wimplicit-function-declaration]
       exit(2);
       ^~~~
configure:3311:7: warning: incompatible implicit declaration of built-in function 'exit'
configure:3311:7: note: include '<stdlib.h>' or provide a declaration of 'exit'
configure:3312:3: warning: incompatible implicit declaration of built-in function 'exit'
   exit (0);
   ^~~~
configure:3312:3: note: include '<stdlib.h>' or provide a declaration of 'exit'
configure:3319: $? = 0
configure:3321: ./conftest
configure:3324: $? = 0
configure:3339: result: yes
configure:3363: checking for sys/types.h
configure:3380: gcc -c -I../../../  conftest.c >&5
configure:3383: $? = 0
configure:3386: test -s conftest.o
configure:3389: $? = 0
configure:3400: result: yes
configure:3363: checking for sys/stat.h
configure:3380: gcc -c -I../../../  conftest.c >&5
configure:3383: $? = 0
configure:3386: test -s conftest.o
configure:3389: $? = 0
configure:3400: result: yes
configure:3363: checking for stdlib.h
configure:3380: gcc -c -I../../../  conftest.c >&5
configure:3383: $? = 0
configure:3386: test -s conftest.o
configure:3389: $? = 0
configure:3400: result: yes
configure:3363: checking for string.h
configure:3380: gcc -c -I../../../  conftest.c >&5
configure:3383: $? = 0
configure:3386: test -s conftest.o
configure:3389: $? = 0
configure:3400: result: yes
configure:3363: checking for memory.h
configure:3380: gcc -c -I../../../  conftest.c >&5
configure:3383: $? = 0
configure:3386: test -s conftest.o
configure:3389: $? = 0
configure:3400: result: yes
configure:3363: checking for strings.h
configure:3380: gcc -c -I../../../  conftest.c >&5
configure:3383: $? = 0
configure:3386: test -s conftest.o
configure:3389: $? = 0
configure:3400: result: yes
configure:3363: checking for inttypes.h
configure:3380: gcc -c -I../../../  conftest.c >&5
configure:3383: $? = 0
configure:3386: test -s conftest.o
configure:3389: $? = 0
configure:3400: result: yes
configure:3363: checking for stdint.h
configure:3380: gcc -c -I../../../  conftest.c >&5
configure:3383: $? = 0
configure:3386: test -s conftest.o
configure:3389: $? = 0
configure:3400: result: yes
configure:3363: checking for unistd.h
configure:3380: gcc -c -I../../../  conftest.c >&5
configure:3383: $? = 0
configure:3386: test -s conftest.o
configure:3389: $? = 0
configure:3400: result: yes
configure:3426: checking sys/sockio.h usability
configure:3439: gcc -c -I../../../  conftest.c >&5
configure:3482:10: fatal error: sys/sockio.h: No such file or directory
     ac_cpp_err=$ac_c_preproc_warn_flag
          ^~~~~~~~~~~~~~
compilation terminated.
configure:3442: $? = 1
configure: failed program was:
| #line 3428 "configure"
| /* confdefs.h.  */
| 
| #define PACKAGE_NAME ""
| #define PACKAGE_TARNAME ""
| #define PACKAGE_VERSION ""
| #define PACKAGE_STRING ""
| #define PACKAGE_BUGREPORT ""
| #define PACKAGE "libnet"
| #define VERSION "1.1.2.1-6"
| #define STDC_HEADERS 1
| #define HAVE_SYS_TYPES_H 1
| #define HAVE_SYS_STAT_H 1
| #define HAVE_STDLIB_H 1
| #define HAVE_STRING_H 1
| #define HAVE_MEMORY_H 1
| #define HAVE_STRINGS_H 1
| #define HAVE_INTTYPES_H 1
| #define HAVE_STDINT_H 1
| #define HAVE_UNISTD_H 1
| /* end confdefs.h.  */
| #include <stdio.h>
| #if HAVE_SYS_TYPES_H
| # include <sys/types.h>
| #endif
| #if HAVE_SYS_STAT_H
| # include <sys/stat.h>
| #endif
| #if STDC_HEADERS
| # include <stdlib.h>
| # include <stddef.h>
| #else
| # if HAVE_STDLIB_H
| #  include <stdlib.h>
| # endif
| #endif
| #if HAVE_STRING_H
| # if !STDC_HEADERS && HAVE_MEMORY_H
| #  include <memory.h>
| # endif
| # include <string.h>
| #endif
| #if HAVE_STRINGS_H
| # include <strings.h>
| #endif
| #if HAVE_INTTYPES_H
| # include <inttypes.h>
| #else
| # if HAVE_STDINT_H
| #  include <stdint.h>
| # endif
| #endif
| #if HAVE_UNISTD_H
| # include <unistd.h>
| #endif
| #include <sys/sockio.h>
configure:3458: result: no
configure:3462: checking sys/sockio.h presence
configure:3473: gcc -E  conftest.c
configure:3484:10: fatal error: sys/sockio.h: No such file or directory
     ac_cpp_err=
          ^~~~~~        
compilation terminated.
configure:3479: $? = 1
configure: failed program was:
| #line 3464 "configure"
| /* confdefs.h.  */
| 
| #define PACKAGE_NAME ""
| #define PACKAGE_TARNAME ""
| #define PACKAGE_VERSION ""
| #define PACKAGE_STRING ""
| #define PACKAGE_BUGREPORT ""
| #define PACKAGE "libnet"
| #define VERSION "1.1.2.1-6"
| #define STDC_HEADERS 1
| #define HAVE_SYS_TYPES_H 1
| #define HAVE_SYS_STAT_H 1
| #define HAVE_STDLIB_H 1
| #define HAVE_STRING_H 1
| #define HAVE_MEMORY_H 1
| #define HAVE_STRINGS_H 1
| #define HAVE_INTTYPES_H 1
| #define HAVE_STDINT_H 1
| #define HAVE_UNISTD_H 1
| /* end confdefs.h.  */
| #include <sys/sockio.h>
configure:3498: result: no
configure:3534: checking for sys/sockio.h
configure:3541: result: no
configure:3556: checking machine endianess
configure:3610: result: lil
configure:3629: checking if unaligned accesses fail
configure:3691: result: no
configure:3710: checking whether gcc needs -traditional
configure:3754: result: no
configure:3771: checking for strerror
configure:3821: gcc -o conftest -I../../../ -Wall   conftest.c  >&5
configure:3824: $? = 0
configure:3827: test -s conftest
configure:3830: $? = 0
configure:3841: result: yes
configure:3852: checking link-layer packet interface type
configure:3885: result: found linux primitives
configure:3888: checking for packet socket (PF_SOCKET)
configure:3956: result: test program got EPERM... assuming yes
configure:3976: checking for Linux proc filesystem
configure:3988: result: yes
configure:4054: checking net/ethernet.h usability
configure:4067: gcc -c -I../../../ -Wall  conftest.c >&5
In file included from /usr/include/bits/libc-header-start.h:33:0,
                 from /usr/include/stdio.h:27,
                 from configure:4083:
/usr/include/features.h:183:3: warning: #warning "_BSD_SOURCE and _SVID_SOURCE are deprecated, use _DEFAULT_SOURCE" [-Wcpp]
 # warning "_BSD_SOURCE and _SVID_SOURCE are deprecated, use _DEFAULT_SOURCE"
   ^~~~~~~
configure:4070: $? = 0
configure:4073: test -s conftest.o
configure:4076: $? = 0
configure:4086: result: yes
configure:4090: checking net/ethernet.h presence
configure:4101: gcc -E  conftest.c
In file included from /usr/include/sys/types.h:25:0,
                 from /usr/include/net/ethernet.h:24,
                 from configure:4119:
/usr/include/features.h:183:3: warning: #warning "_BSD_SOURCE and _SVID_SOURCE are deprecated, use _DEFAULT_SOURCE" [-Wcpp]
 # warning "_BSD_SOURCE and _SVID_SOURCE are deprecated, use _DEFAULT_SOURCE"
   ^~~~~~~
configure:4107: $? = 0
configure:4126: result: yes
configure:4162: checking for net/ethernet.h
configure:4169: result: yes
configure:5018: creating ./config.status

## ---------------------- ##
## Running config.status. ##
## ---------------------- ##

This file was extended by config.status, which was
generated by GNU Autoconf 2.57.  Invocation command line was

  CONFIG_FILES    = 
  CONFIG_HEADERS  = 
  CONFIG_LINKS    = 
  CONFIG_COMMANDS = 
  $ ./config.status 

on be4you.online

config.status:680: creating Makefile
config.status:680: creating src/Makefile
config.status:680: creating include/Makefile
config.status:680: creating include/libnet/Makefile
config.status:680: creating sample/Makefile
config.status:680: creating version.h
config.status:680: creating include/libnet.h
config.status:680: creating libnet-config
config.status:784: creating include/config.h
config.status:905: include/config.h is unchanged
config.status:1011: executing depfiles commands
config.status:1011: executing default commands

## ---------------- ##
## Cache variables. ##
## ---------------- ##

ac_cv_build=x86_64-unknown-linux-gnu
ac_cv_build_alias=x86_64-unknown-linux-gnu
ac_cv_c_compiler_gnu=yes
ac_cv_env_CC_set=
ac_cv_env_CC_value=
ac_cv_env_CFLAGS_set=set
ac_cv_env_CFLAGS_value=-I../../../
ac_cv_env_CPPFLAGS_set=
ac_cv_env_CPPFLAGS_value=
ac_cv_env_CPP_set=
ac_cv_env_CPP_value=
ac_cv_env_LDFLAGS_set=
ac_cv_env_LDFLAGS_value=
ac_cv_env_build_alias_set=
ac_cv_env_build_alias_value=
ac_cv_env_host_alias_set=
ac_cv_env_host_alias_value=
ac_cv_env_target_alias_set=
ac_cv_env_target_alias_value=
ac_cv_exeext=
ac_cv_func_strerror=yes
ac_cv_header_inttypes_h=yes
ac_cv_header_memory_h=yes
ac_cv_header_net_ethernet_h=yes
ac_cv_header_stdc=yes
ac_cv_header_stdint_h=yes
ac_cv_header_stdlib_h=yes
ac_cv_header_string_h=yes
ac_cv_header_strings_h=yes
ac_cv_header_sys_sockio_h=no
ac_cv_header_sys_stat_h=yes
ac_cv_header_sys_types_h=yes
ac_cv_header_unistd_h=yes
ac_cv_host=x86_64-unknown-linux-gnu
ac_cv_host_alias=x86_64-unknown-linux-gnu
ac_cv_lbl_unaligned_fail=no
ac_cv_libnet_endianess=lil
ac_cv_libnet_linux_procfs=yes
ac_cv_objext=o
ac_cv_path_install='/usr/bin/install -c'
ac_cv_prog_AWK=gawk
ac_cv_prog_CPP='gcc -E'
ac_cv_prog_ac_ct_CC=gcc
ac_cv_prog_ac_ct_RANLIB=ranlib
ac_cv_prog_cc_g=yes
ac_cv_prog_cc_stdc=
ac_cv_prog_egrep='grep -E'
ac_cv_prog_gcc_traditional=no
ac_cv_prog_make_make_set=yes
ac_cv_target=x86_64-unknown-linux-gnu
ac_cv_target_alias=x86_64-unknown-linux-gnu
am_cv_CC_dependencies_compiler_type=none

## ----------------- ##
## Output variables. ##
## ----------------- ##

ACLOCAL='${SHELL} /home/morik/IPNoise/packages/ipnoise-libnet/libnet/missing --run aclocal-1.6'
ADDITIONAL_LIBS=''
AMDEPBACKSLASH='\'
AMDEP_FALSE='#'
AMDEP_TRUE=''
AMTAR='${SHELL} /home/morik/IPNoise/packages/ipnoise-libnet/libnet/missing --run tar'
AUTOCONF='${SHELL} /home/morik/IPNoise/packages/ipnoise-libnet/libnet/missing --run autoconf'
AUTOHEADER='${SHELL} /home/morik/IPNoise/packages/ipnoise-libnet/libnet/missing --run autoheader'
AUTOMAKE='${SHELL} /home/morik/IPNoise/packages/ipnoise-libnet/libnet/missing --run automake-1.6'
AWK='gawk'
CC='gcc'
CCDEPMODE='depmode=none'
CFLAGS='-I../../../ -Wall'
CPP='gcc -E'
CPPFLAGS=''
DEFS='-DHAVE_CONFIG_H'
DEPDIR='.deps'
ECHO_C=''
ECHO_N='-n'
ECHO_T=''
EGREP='grep -E'
ENDIANESS='LIBNET_LIL_ENDIAN'
EXEEXT=''
HAVE_PACKET_SOCKET=''
INSTALL_DATA='${INSTALL} -m 644'
INSTALL_PROGRAM='${INSTALL}'
INSTALL_SCRIPT='${INSTALL}'
INSTALL_STRIP_PROGRAM='${SHELL} $(install_sh) -c -s'
LDFLAGS=''
LIBNET_CONFIG_CFLAGS=''
LIBNET_CONFIG_DEFINES='-D_BSD_SOURCE -D__BSD_SOURCE -D__FAVOR_BSD -DHAVE_NET_ETHERNET_H'
LIBNET_CONFIG_LIBS=''
LIBNET_VERSION='1.1.2.1-6'
LIBOBJS=' libnet_link_linux$U.o'
LIBS=''
LTLIBOBJS=' libnet_link_linux$U.lo'
MAINT='#'
MAINTAINER_MODE_FALSE=''
MAINTAINER_MODE_TRUE='#'
MAKEINFO='${SHELL} /home/morik/IPNoise/packages/ipnoise-libnet/libnet/missing --run makeinfo'
OBJEXT='o'
PACKAGE='libnet'
PACKAGE_BUGREPORT=''
PACKAGE_NAME=''
PACKAGE_STRING=''
PACKAGE_TARNAME=''
PACKAGE_VERSION=''
PATH_SEPARATOR=':'
RANLIB='ranlib'
SET_MAKE=''
SHELL='/bin/sh'
STRIP=''
VERSION='1.1.2.1-6'
ac_ct_CC='gcc'
ac_ct_RANLIB='ranlib'
ac_ct_STRIP=''
am__include='include'
am__quote=''
bindir='${exec_prefix}/bin'
build='x86_64-unknown-linux-gnu'
build_alias=''
build_cpu='x86_64'
build_os='linux-gnu'
build_vendor='unknown'
datadir='${prefix}/share'
exec_prefix='/usr/'
host='x86_64-unknown-linux-gnu'
host_alias=''
host_cpu='x86_64'
host_os='linux-gnu'
host_vendor='unknown'
includedir='${prefix}/include'
infodir='${prefix}/info'
install_sh='/home/morik/IPNoise/packages/ipnoise-libnet/libnet/install-sh'
libdir='${exec_prefix}/lib'
libexecdir='${exec_prefix}/libexec'
localstatedir='${prefix}/var'
mandir='${prefix}/man'
oldincludedir='/usr/include'
prefix='/usr/'
program_transform_name='s,x,x,'
sbindir='${exec_prefix}/sbin'
sharedstatedir='${prefix}/com'
sysconfdir='${prefix}/etc'
target='x86_64-unknown-linux-gnu'
target_alias=''
target_cpu='x86_64'
target_os='linux-gnu'
target_vendor='unknown'

## ----------- ##
## confdefs.h. ##
## ----------- ##

#define HAVE_INTTYPES_H 1
#define HAVE_LINUX_PROCFS 1
#define HAVE_MEMORY_H 1
#define HAVE_NET_ETHERNET_H 1
#define HAVE_PACKET_SOCKET 1
#define HAVE_STDINT_H 1
#define HAVE_STDLIB_H 1
#define HAVE_STRERROR 1
#define HAVE_STRINGS_H 1
#define HAVE_STRING_H 1
#define HAVE_SYS_STAT_H 1
#define HAVE_SYS_TYPES_H 1
#define HAVE_UNISTD_H 1
#define LIBNET_LIL_ENDIAN 1
#define PACKAGE "libnet"
#define PACKAGE_BUGREPORT ""
#define PACKAGE_NAME ""
#define PACKAGE_STRING ""
#define PACKAGE_TARNAME ""
#define PACKAGE_VERSION ""
#define STDC_HEADERS 1
#define VERSION "1.1.2.1-6"
#define _BSD_SOURCE 1
#define __BSD_SOURCE 1
#define __FAVOR_BSD 1

configure: exit 0
